<?xml version="1.0" encoding="UTF-8"?>
<!-- Generated by org.testng.reporters.JUnitReportReporter -->
<testsuite name="com.training.Medium.tests.TC035_AdminAddProdRewd" tests="1" time="53.393" ignored="0" failures="0" timestamp="04 Dec 2019 09:25:23 GMT" skipped="0" hostname="DESKTOP-S9QLEDE" errors="0">
  <testcase name="selectLogin" time="53.393" classname="com.training.Medium.tests.TC035_AdminAddProdRewd"/>
</testsuite> <!-- com.training.Medium.tests.TC035_AdminAddProdRewd -->
