<?xml version="1.0" encoding="UTF-8"?>
<!-- Generated by org.testng.reporters.JUnitReportReporter -->
<testsuite name="com.training.Complex.test.TC067_FilterProductList" tests="1" time="7.899" ignored="0" failures="0" timestamp="05 Dec 2019 12:13:08 GMT" skipped="0" hostname="DESKTOP-S9QLEDE" errors="0">
  <testcase name="productList" time="7.899" classname="com.training.Complex.test.TC067_FilterProductList"/>
</testsuite> <!-- com.training.Complex.test.TC067_FilterProductList -->
