<?xml version="1.0" encoding="UTF-8"?>
<!-- Generated by org.testng.reporters.JUnitReportReporter -->
<testsuite name="com.training.Simple.tests.TC03_PasswordMismatch" tests="1" time="20.499" ignored="0" failures="0" timestamp="28 Nov 2019 11:49:12 GMT" skipped="0" hostname="DESKTOP-S9QLEDE" errors="0">
  <testcase name="changePassword" time="20.499" classname="com.training.Simple.tests.TC03_PasswordMismatch"/>
</testsuite> <!-- com.training.Simple.tests.TC03_PasswordMismatch -->
