<?xml version="1.0" encoding="UTF-8"?>
<!-- Generated by org.testng.reporters.JUnitReportReporter -->
<testsuite name="com.training.Medium.tests.DataproviderInvalidCredeinatil" tests="5" time="32.742" ignored="0" failures="0" timestamp="05 Dec 2019 07:05:01 GMT" skipped="0" hostname="DESKTOP-S9QLEDE" errors="0">
  <testcase name="loginDBTest" time="2.623" classname="com.training.Medium.tests.DataproviderInvalidCredeinatil"/>
  <testcase name="loginDBTest" time="2.559" classname="com.training.Medium.tests.DataproviderInvalidCredeinatil"/>
  <testcase name="loginDBTest" time="2.477" classname="com.training.Medium.tests.DataproviderInvalidCredeinatil"/>
  <testcase name="loginDBTest" time="2.590" classname="com.training.Medium.tests.DataproviderInvalidCredeinatil"/>
  <testcase name="loginDBTest" time="22.493" classname="com.training.Medium.tests.DataproviderInvalidCredeinatil"/>
</testsuite> <!-- com.training.Medium.tests.DataproviderInvalidCredeinatil -->
