<?xml version="1.0" encoding="UTF-8"?>
<!-- Generated by org.testng.reporters.JUnitReportReporter -->
<testsuite name="com.training.Simple.tests.ModifyPersonalDetailTest" tests="1" time="24.809" ignored="0" failures="0" timestamp="26 Nov 2019 15:05:40 GMT" skipped="0" hostname="DESKTOP-S9QLEDE" errors="0">
  <testcase name="selectLogin" time="24.809" classname="com.training.Simple.tests.ModifyPersonalDetailTest"/>
</testsuite> <!-- com.training.Simple.tests.ModifyPersonalDetailTest -->
