<?xml version="1.0" encoding="UTF-8"?>
<!-- Generated by org.testng.reporters.JUnitReportReporter -->
<testsuite name="com.training.Medium.tests.TC036_VerifyReturnOrderProd" tests="1" time="43.698" ignored="0" failures="0" timestamp="02 Dec 2019 18:49:13 GMT" skipped="0" hostname="DESKTOP-S9QLEDE" errors="0">
  <testcase name="selectLogin" time="43.698" classname="com.training.Medium.tests.TC036_VerifyReturnOrderProd"/>
</testsuite> <!-- com.training.Medium.tests.TC036_VerifyReturnOrderProd -->
