<?xml version="1.0" encoding="UTF-8"?>
<!-- Generated by org.testng.reporters.JUnitReportReporter -->
<testsuite name="com.training.Medium.tests.TC035_AdminAddProdRewd" tests="1" time="70.614" ignored="0" failures="0" timestamp="03 Dec 2019 11:54:56 GMT" skipped="0" hostname="DESKTOP-S9QLEDE" errors="0">
  <testcase name="selectLogin" time="70.614" classname="com.training.Medium.tests.TC035_AdminAddProdRewd"/>
</testsuite> <!-- com.training.Medium.tests.TC035_AdminAddProdRewd -->
