<?xml version="1.0" encoding="UTF-8"?>
<!-- Generated by org.testng.reporters.JUnitReportReporter -->
<testsuite name="com.training.Complex.test.TC68_AddMultipleProdWithMandatoryField" tests="1" time="52.537" ignored="0" failures="0" timestamp="06 Dec 2019 08:59:02 GMT" skipped="0" hostname="DESKTOP-S9QLEDE" errors="0">
  <testcase name="selectLogin" time="52.537" classname="com.training.Complex.test.TC68_AddMultipleProdWithMandatoryField"/>
</testsuite> <!-- com.training.Complex.test.TC68_AddMultipleProdWithMandatoryField -->
