<?xml version="1.0" encoding="UTF-8"?>
<!-- Generated by org.testng.reporters.JUnitReportReporter -->
<testsuite name="com.training.Medium.tests.TC037_AdminInvalidCredential" tests="1" time="6.681" ignored="0" failures="0" timestamp="03 Dec 2019 16:42:09 GMT" skipped="0" hostname="DESKTOP-S9QLEDE" errors="0">
  <testcase name="selectLogin" time="6.681" classname="com.training.Medium.tests.TC037_AdminInvalidCredential"/>
</testsuite> <!-- com.training.Medium.tests.TC037_AdminInvalidCredential -->
