<?xml version="1.0" encoding="UTF-8"?>
<!-- Generated by org.testng.reporters.JUnitReportReporter -->
<testsuite name="com.training.Medium.tests.TC036_VerifyReturnOrderProd" tests="1" time="29.012" ignored="0" failures="0" timestamp="03 Dec 2019 17:26:08 GMT" skipped="0" hostname="DESKTOP-S9QLEDE" errors="0">
  <testcase name="selectLogin" time="29.012" classname="com.training.Medium.tests.TC036_VerifyReturnOrderProd"/>
</testsuite> <!-- com.training.Medium.tests.TC036_VerifyReturnOrderProd -->
