<?xml version="1.0" encoding="UTF-8"?>
<!-- Generated by org.testng.reporters.JUnitReportReporter -->
<testsuite name="com.training.Medium.tests.TC038_AdminAddCategory" tests="1" time="14.201" ignored="0" failures="0" timestamp="03 Dec 2019 17:31:20 GMT" skipped="0" hostname="DESKTOP-S9QLEDE" errors="0">
  <testcase name="selectLogin" time="14.201" classname="com.training.Medium.tests.TC038_AdminAddCategory"/>
</testsuite> <!-- com.training.Medium.tests.TC038_AdminAddCategory -->
