<?xml version="1.0" encoding="UTF-8"?>
<!-- Generated by org.testng.reporters.JUnitReportReporter -->
<testsuite name="com.training.Medium.tests.TC038_AdminAddCategory" tests="1" time="10.016" ignored="0" failures="0" timestamp="04 Dec 2019 08:30:22 GMT" skipped="0" hostname="DESKTOP-S9QLEDE" errors="0">
  <testcase name="selectLogin" time="10.016" classname="com.training.Medium.tests.TC038_AdminAddCategory"/>
</testsuite> <!-- com.training.Medium.tests.TC038_AdminAddCategory -->
