<?xml version="1.0" encoding="UTF-8"?>
<!-- Generated by org.testng.reporters.JUnitReportReporter -->
<testsuite name="com.training.Medium.tests.TC037_AdminInvalidCredential" tests="1" time="7.694" ignored="0" failures="0" timestamp="02 Dec 2019 18:51:11 GMT" skipped="0" hostname="DESKTOP-S9QLEDE" errors="0">
  <testcase name="selectLogin" time="7.694" classname="com.training.Medium.tests.TC037_AdminInvalidCredential"/>
</testsuite> <!-- com.training.Medium.tests.TC037_AdminInvalidCredential -->
