<?xml version="1.0" encoding="UTF-8"?>
<!-- Generated by org.testng.reporters.JUnitReportReporter -->
<testsuite name="com.training.Simple.tests.TC02_ChangePasswordTest" tests="1" time="31.769" ignored="0" failures="0" timestamp="28 Nov 2019 11:48:27 GMT" skipped="0" hostname="DESKTOP-S9QLEDE" errors="0">
  <testcase name="changePassword" time="31.769" classname="com.training.Simple.tests.TC02_ChangePasswordTest"/>
</testsuite> <!-- com.training.Simple.tests.TC02_ChangePasswordTest -->
