<?xml version="1.0" encoding="UTF-8"?>
<!-- Generated by org.testng.reporters.JUnitReportReporter -->
<testsuite name="com.training.Simple.tests.TC04_SearchProduct" tests="1" time="26.061" ignored="0" failures="0" timestamp="28 Nov 2019 06:44:37 GMT" skipped="0" hostname="DESKTOP-S9QLEDE" errors="0">
  <testcase name="selectLogin" time="26.061" classname="com.training.Simple.tests.TC04_SearchProduct"/>
</testsuite> <!-- com.training.Simple.tests.TC04_SearchProduct -->
