<?xml version="1.0" encoding="UTF-8"?>
<!-- Generated by org.testng.reporters.JUnitReportReporter -->
<testsuite name="com.training.Complex.test.TC83_VerifyErrorMsgonReturnProd" tests="1" time="11.969" ignored="0" failures="0" timestamp="05 Dec 2019 18:12:14 GMT" skipped="0" hostname="DESKTOP-S9QLEDE" errors="0">
  <testcase name="verifyReturnproduct" time="11.969" classname="com.training.Complex.test.TC83_VerifyErrorMsgonReturnProd"/>
</testsuite> <!-- com.training.Complex.test.TC83_VerifyErrorMsgonReturnProd -->
