<?xml version="1.0" encoding="UTF-8"?>
<!-- Generated by org.testng.reporters.JUnitReportReporter -->
<testsuite name="com.training.Simple.tests.TC017_DeleteOrder" tests="1" time="23.150" ignored="0" failures="0" timestamp="28 Nov 2019 11:50:35 GMT" skipped="0" hostname="DESKTOP-S9QLEDE" errors="0">
  <testcase name="selectLogin" time="23.150" classname="com.training.Simple.tests.TC017_DeleteOrder"/>
</testsuite> <!-- com.training.Simple.tests.TC017_DeleteOrder -->
