<?xml version="1.0" encoding="UTF-8"?>
<!-- Generated by org.testng.reporters.JUnitReportReporter -->
<testsuite name="com.training.Complex.test.TC82_ReturnAndDeleteMutipleProduct" tests="1" time="20.667" ignored="0" failures="0" timestamp="06 Dec 2019 09:37:21 GMT" skipped="0" hostname="DESKTOP-S9QLEDE" errors="0">
  <testcase name="verifyReturnproduct" time="20.667" classname="com.training.Complex.test.TC82_ReturnAndDeleteMutipleProduct"/>
</testsuite> <!-- com.training.Complex.test.TC82_ReturnAndDeleteMutipleProduct -->
