<?xml version="1.0" encoding="UTF-8"?>
<!-- Generated by org.testng.reporters.JUnitReportReporter -->
<testsuite name="com.training.Simple.tests.TC01_ModifyPersonalDetailTest" tests="1" time="28.209" ignored="0" failures="0" timestamp="27 Nov 2019 13:31:07 GMT" skipped="0" hostname="DESKTOP-S9QLEDE" errors="0">
  <testcase name="selectLogin" time="28.209" classname="com.training.Simple.tests.TC01_ModifyPersonalDetailTest"/>
</testsuite> <!-- com.training.Simple.tests.TC01_ModifyPersonalDetailTest -->
