<?xml version="1.0" encoding="UTF-8"?>
<!-- Generated by org.testng.reporters.JUnitReportReporter -->
<testsuite name="com.training.Simple.tests.TC01_ModifyPersonalDetailTest" tests="1" time="51.057" ignored="0" failures="0" timestamp="28 Nov 2019 11:47:31 GMT" skipped="0" hostname="DESKTOP-S9QLEDE" errors="0">
  <testcase name="selectLogin" time="51.057" classname="com.training.Simple.tests.TC01_ModifyPersonalDetailTest"/>
</testsuite> <!-- com.training.Simple.tests.TC01_ModifyPersonalDetailTest -->
